Build started 16/12/2015 02:11:05.
     1>Project "C:\Users\Andrew\Documents\Visual Studio 2015\Projects\Coursework\Coursework\Coursework.vcxproj" on node 2 (Build target(s)).
     1>ClCompile:
         C:\Program Files (x86)\Microsoft Visual Studio 14.0\VC\bin\CL.exe /c /ZI /nologo /W3 /WX- /sdl /Od /Oy- /D _MBCS /Gm /EHsc /RTC1 /MDd /GS /fp:precise /Zc:wchar_t /Zc:forScope /Zc:inline /Fo"Debug\\" /Fd"Debug\vc140.pdb" /Gd /TP /analyze- /errorReport:prompt cAsteroid.cpp cButton.cpp cRocket.cpp
         cRocket.cpp
     1>c:\users\andrew\documents\visual studio 2015\projects\coursework\coursework\crocket.cpp(25): warning C4244: 'argument': conversion from 'int' to 'GLfloat', possible loss of data
     1>c:\users\andrew\documents\visual studio 2015\projects\coursework\coursework\crocket.cpp(27): warning C4244: 'argument': conversion from 'int' to 'GLfloat', possible loss of data
     1>c:\users\andrew\documents\visual studio 2015\projects\coursework\coursework\crocket.cpp(29): warning C4244: 'argument': conversion from 'int' to 'GLfloat', possible loss of data
     1>c:\users\andrew\documents\visual studio 2015\projects\coursework\coursework\crocket.cpp(31): warning C4244: 'argument': conversion from 'int' to 'GLfloat', possible loss of data
     1>c:\users\andrew\documents\visual studio 2015\projects\coursework\coursework\crocket.cpp(136): warning C4838: conversion from 'float' to 'LONG' requires a narrowing conversion
     1>c:\users\andrew\documents\visual studio 2015\projects\coursework\coursework\crocket.cpp(136): warning C4244: 'initializing': conversion from 'float' to 'LONG', possible loss of data
         cButton.cpp
     1>c:\users\andrew\documents\visual studio 2015\projects\coursework\coursework\cbutton.cpp(41): warning C4244: 'argument': conversion from 'int' to 'GLfloat', possible loss of data
     1>c:\users\andrew\documents\visual studio 2015\projects\coursework\coursework\cbutton.cpp(43): warning C4244: 'argument': conversion from 'int' to 'GLfloat', possible loss of data
     1>c:\users\andrew\documents\visual studio 2015\projects\coursework\coursework\cbutton.cpp(45): warning C4244: 'argument': conversion from 'int' to 'GLfloat', possible loss of data
     1>c:\users\andrew\documents\visual studio 2015\projects\coursework\coursework\cbutton.cpp(71): warning C4244: 'argument': conversion from 'int' to 'GLfloat', possible loss of data
     1>c:\users\andrew\documents\visual studio 2015\projects\coursework\coursework\cbutton.cpp(73): warning C4244: 'argument': conversion from 'int' to 'GLfloat', possible loss of data
     1>c:\users\andrew\documents\visual studio 2015\projects\coursework\coursework\cbutton.cpp(75): warning C4244: 'argument': conversion from 'int' to 'GLfloat', possible loss of data
     1>c:\users\andrew\documents\visual studio 2015\projects\coursework\coursework\cbutton.cpp(96): warning C4244: '=': conversion from 'int' to 'float', possible loss of data
     1>c:\users\andrew\documents\visual studio 2015\projects\coursework\coursework\cbutton.cpp(97): warning C4244: '=': conversion from 'int' to 'float', possible loss of data
     1>c:\users\andrew\documents\visual studio 2015\projects\coursework\coursework\cbutton.cpp(114): warning C4244: '=': conversion from 'int' to 'float', possible loss of data
     1>c:\users\andrew\documents\visual studio 2015\projects\coursework\coursework\cbutton.cpp(115): warning C4244: '=': conversion from 'int' to 'float', possible loss of data
         cAsteroid.cpp
     1>c:\users\andrew\documents\visual studio 2015\projects\coursework\coursework\casteroid.cpp(25): warning C4244: 'argument': conversion from 'int' to 'GLfloat', possible loss of data
     1>c:\users\andrew\documents\visual studio 2015\projects\coursework\coursework\casteroid.cpp(27): warning C4244: 'argument': conversion from 'int' to 'GLfloat', possible loss of data
     1>c:\users\andrew\documents\visual studio 2015\projects\coursework\coursework\casteroid.cpp(29): warning C4244: 'argument': conversion from 'int' to 'GLfloat', possible loss of data
     1>c:\users\andrew\documents\visual studio 2015\projects\coursework\coursework\casteroid.cpp(31): warning C4244: 'argument': conversion from 'int' to 'GLfloat', possible loss of data
     1>c:\users\andrew\documents\visual studio 2015\projects\coursework\coursework\casteroid.cpp(50): warning C4244: '=': conversion from 'int' to 'float', possible loss of data
     1>c:\users\andrew\documents\visual studio 2015\projects\coursework\coursework\casteroid.cpp(68): warning C4244: 'argument': conversion from 'LONG' to 'GLfloat', possible loss of data
     1>c:\users\andrew\documents\visual studio 2015\projects\coursework\coursework\casteroid.cpp(79): warning C4244: 'argument': conversion from 'LONG' to 'GLfloat', possible loss of data
     1>c:\users\andrew\documents\visual studio 2015\projects\coursework\coursework\casteroid.cpp(80): warning C4244: 'argument': conversion from 'LONG' to 'GLfloat', possible loss of data
     1>c:\users\andrew\documents\visual studio 2015\projects\coursework\coursework\casteroid.cpp(81): warning C4244: 'argument': conversion from 'LONG' to 'GLfloat', possible loss of data
     1>c:\users\andrew\documents\visual studio 2015\projects\coursework\coursework\casteroid.cpp(82): warning C4244: 'argument': conversion from 'LONG' to 'GLfloat', possible loss of data
     1>c:\users\andrew\documents\visual studio 2015\projects\coursework\coursework\casteroid.cpp(91): warning C4244: '=': conversion from 'int' to 'float', possible loss of data
     1>c:\users\andrew\documents\visual studio 2015\projects\coursework\coursework\casteroid.cpp(96): warning C4244: '=': conversion from 'int' to 'float', possible loss of data
     1>c:\users\andrew\documents\visual studio 2015\projects\coursework\coursework\casteroid.cpp(100): warning C4244: '=': conversion from 'int' to 'float', possible loss of data
         Generating Code...
       Link:
         C:\Program Files (x86)\Microsoft Visual Studio 14.0\VC\bin\link.exe /ERRORREPORT:PROMPT /OUT:"C:\Users\Andrew\Documents\Visual Studio 2015\Projects\Coursework\Debug\Coursework.exe" /INCREMENTAL /NOLOGO kernel32.lib user32.lib gdi32.lib winspool.lib comdlg32.lib advapi32.lib shell32.lib ole32.lib oleaut32.lib uuid.lib odbc32.lib odbccp32.lib /MANIFEST /MANIFESTUAC:"level='asInvoker' uiAccess='false'" /manifest:embed /Debug /PDB:"C:\Users\Andrew\Documents\Visual Studio 2015\Projects\Coursework\Debug\Coursework.pdb" /TLBID:1 /DYNAMICBASE /NXCOMPAT /IMPLIB:"C:\Users\Andrew\Documents\Visual Studio 2015\Projects\Coursework\Debug\Coursework.lib" /MACHINE:X86 Debug\asteroidsGame.obj
         Debug\cAsteroid.obj
         Debug\cBkGround.obj
         Debug\cBullet.obj
         Debug\cButton.obj
         Debug\cFont.obj
         Debug\cFontMgr.obj
         Debug\cInputMgr.obj
         Debug\cRocket.obj
         Debug\cSound.obj
         Debug\cSoundMgr.obj
         Debug\cSprite.obj
         Debug\cTexture.obj
         Debug\cWNDManager.obj
         Debug\main.obj
         Debug\windowOGL.obj
         Libraries\alut.lib
         Libraries\DevIL.lib
         Libraries\freeglut.lib
         Libraries\ftgl.lib
         Libraries\ILU.lib
         Libraries\ILUT.lib
         Libraries\OpenAL32.lib
         Coursework.vcxproj -> C:\Users\Andrew\Documents\Visual Studio 2015\Projects\Coursework\Debug\Coursework.exe
     1>Done Building Project "C:\Users\Andrew\Documents\Visual Studio 2015\Projects\Coursework\Coursework\Coursework.vcxproj" (Build target(s)).

Build succeeded.

Time Elapsed 00:00:02.81
